# JRE version: OpenJDK Runtime Environment 18.9 (11.0.13+8) (build 11.0.13+8)
# Java VM: OpenJDK 64-Bit Server VM 18.9 (11.0.13+8, mixed mode, tiered, compressed oops, g1 gc, windows-amd64)
Heap:
 garbage-first heap   total 483328K, used 263789K [0x0000000080000000, 0x0000000100000000)
  region size 1024K, 4 young (4096K), 4 survivors (4096K)
 Metaspace       used 155984K, capacity 161596K, committed 161744K, reserved 657408K
  class space    used 19210K, capacity 21291K, committed 21376K, reserved 516096K
GC Heap History (20 events):
Event: 212.470 GC heap after
{Heap after GC invocations=134 (full 0):
 garbage-first heap   total 346112K, used 255511K [0x0000000080000000, 0x0000000100000000)
  region size 1024K, 6 young (6144K), 6 survivors (6144K)
 Metaspace       used 155321K, capacity 160941K, committed 161232K, reserved 657408K
  class space    used 19176K, capacity 21245K, committed 21376K, reserved 516096K
}
Event: 212.851 GC heap before
{Heap before GC invocations=134 (full 0):
 garbage-first heap   total 346112K, used 299543K [0x0000000080000000, 0x0000000100000000)
  region size 1024K, 49 young (50176K), 6 survivors (6144K)
 Metaspace       used 155415K, capacity 161059K, committed 161232K, reserved 657408K
  class space    used 19198K, capacity 21284K, committed 21376K, reserved 516096K
}
Event: 212.870 GC heap after
{Heap after GC invocations=135 (full 0):
 garbage-first heap   total 415744K, used 256715K [0x0000000080000000, 0x0000000100000000)
  region size 1024K, 2 young (2048K), 2 survivors (2048K)
 Metaspace       used 155415K, capacity 161059K, committed 161232K, reserved 657408K
  class space    used 19198K, capacity 21284K, committed 21376K, reserved 516096K
}
Event: 213.399 GC heap before
{Heap before GC invocations=136 (full 0):
 garbage-first heap   total 415744K, used 330443K [0x0000000080000000, 0x0000000100000000)
  region size 1024K, 75 young (76800K), 2 survivors (2048K)
 Metaspace       used 155470K, capacity 161063K, committed 161232K, reserved 657408K
  class space    used 19198K, capacity 21284K, committed 21376K, reserved 516096K
}
Event: 213.411 GC heap after
{Heap after GC invocations=137 (full 0):
 garbage-first heap   total 415744K, used 258028K [0x0000000080000000, 0x0000000100000000)
  region size 1024K, 3 young (3072K), 3 survivors (3072K)
 Metaspace       used 155470K, capacity 161063K, committed 161232K, reserved 657408K
  class space    used 19198K, capacity 21284K, committed 21376K, reserved 516096K
}
Event: 213.485 GC heap before
{Heap before GC invocations=137 (full 0):
 garbage-first heap   total 415744K, used 275436K [0x0000000080000000, 0x0000000100000000)
  region size 1024K, 20 young (20480K), 3 survivors (3072K)
 Metaspace       used 155485K, capacity 161127K, committed 161232K, reserved 657408K
  class space    used 19198K, capacity 21284K, committed 21376K, reserved 516096K
}
Event: 213.495 GC heap after
{Heap after GC invocations=138 (full 0):
 garbage-first heap   total 415744K, used 256473K [0x0000000080000000, 0x0000000100000000)
  region size 1024K, 2 young (2048K), 2 survivors (2048K)
 Metaspace       used 155485K, capacity 161127K, committed 161232K, reserved 657408K
  class space    used 19198K, capacity 21284K, committed 21376K, reserved 516096K
}
Event: 213.884 GC heap before
{Heap before GC invocations=138 (full 0):
 garbage-first heap   total 415744K, used 335321K [0x0000000080000000, 0x0000000100000000)
  region size 1024K, 79 young (80896K), 2 survivors (2048K)
 Metaspace       used 155508K, capacity 161130K, committed 161232K, reserved 657408K
  class space    used 19198K, capacity 21284K, committed 21376K, reserved 516096K
}
Event: 213.892 GC heap after
{Heap after GC invocations=139 (full 0):
 garbage-first heap   total 415744K, used 256995K [0x0000000080000000, 0x0000000100000000)
  region size 1024K, 3 young (3072K), 3 survivors (3072K)
 Metaspace       used 155508K, capacity 161130K, committed 161232K, reserved 657408K
  class space    used 19198K, capacity 21284K, committed 21376K, reserved 516096K
}
Event: 214.580 GC heap before
{Heap before GC invocations=139 (full 0):
 garbage-first heap   total 415744K, used 338915K [0x0000000080000000, 0x0000000100000000)
  region size 1024K, 83 young (84992K), 3 survivors (3072K)
 Metaspace       used 155521K, capacity 161134K, committed 161232K, reserved 657408K
  class space    used 19199K, capacity 21285K, committed 21376K, reserved 516096K
}
Event: 214.590 GC heap after
{Heap after GC invocations=140 (full 0):
 garbage-first heap   total 415744K, used 257735K [0x0000000080000000, 0x0000000100000000)
  region size 1024K, 3 young (3072K), 3 survivors (3072K)
 Metaspace       used 155521K, capacity 161134K, committed 161232K, reserved 657408K
  class space    used 19199K, capacity 21285K, committed 21376K, reserved 516096K
}
Event: 215.005 GC heap before
{Heap before GC invocations=141 (full 0):
 garbage-first heap   total 415744K, used 342727K [0x0000000080000000, 0x0000000100000000)
  region size 1024K, 86 young (88064K), 3 survivors (3072K)
 Metaspace       used 155655K, capacity 161273K, committed 161488K, reserved 657408K
  class space    used 19205K, capacity 21285K, committed 21376K, reserved 516096K
}
Event: 215.014 GC heap after
{Heap after GC invocations=142 (full 0):
 garbage-first heap   total 415744K, used 259040K [0x0000000080000000, 0x0000000100000000)
  region size 1024K, 5 young (5120K), 5 survivors (5120K)
 Metaspace       used 155655K, capacity 161273K, committed 161488K, reserved 657408K
  class space    used 19205K, capacity 21285K, committed 21376K, reserved 516096K
}
Event: 215.101 GC heap before
{Heap before GC invocations=142 (full 0):
 garbage-first heap   total 415744K, used 273376K [0x0000000080000000, 0x0000000100000000)
  region size 1024K, 20 young (20480K), 5 survivors (5120K)
 Metaspace       used 155742K, capacity 161363K, committed 161488K, reserved 657408K
  class space    used 19208K, capacity 21290K, committed 21376K, reserved 516096K
}
Event: 215.115 GC heap after
{Heap after GC invocations=143 (full 0):
 garbage-first heap   total 415744K, used 257092K [0x0000000080000000, 0x0000000100000000)
  region size 1024K, 3 young (3072K), 3 survivors (3072K)
 Metaspace       used 155742K, capacity 161363K, committed 161488K, reserved 657408K
  class space    used 19208K, capacity 21290K, committed 21376K, reserved 516096K
}
Event: 215.545 GC heap before
{Heap before GC invocations=143 (full 0):
 garbage-first heap   total 415744K, used 345156K [0x0000000080000000, 0x0000000100000000)
  region size 1024K, 89 young (91136K), 3 survivors (3072K)
 Metaspace       used 155918K, capacity 161523K, committed 161744K, reserved 657408K
  class space    used 19209K, capacity 21290K, committed 21376K, reserved 516096K
}
Event: 215.568 GC heap after
{Heap after GC invocations=144 (full 0):
 garbage-first heap   total 415744K, used 261096K [0x0000000080000000, 0x0000000100000000)
  region size 1024K, 7 young (7168K), 7 survivors (7168K)
 Metaspace       used 155918K, capacity 161523K, committed 161744K, reserved 657408K
  class space    used 19209K, capacity 21290K, committed 21376K, reserved 516096K
}
Event: 216.246 GC heap before
{Heap before GC invocations=144 (full 0):
 garbage-first heap   total 415744K, used 347112K [0x0000000080000000, 0x0000000100000000)
  region size 1024K, 91 young (93184K), 7 survivors (7168K)
 Metaspace       used 155939K, capacity 161530K, committed 161744K, reserved 657408K
  class space    used 19210K, capacity 21291K, committed 21376K, reserved 516096K
}
Event: 216.266 GC heap after
{Heap after GC invocations=145 (full 0):
 garbage-first heap   total 415744K, used 264566K [0x0000000080000000, 0x0000000100000000)
  region size 1024K, 9 young (9216K), 9 survivors (9216K)
 Metaspace       used 155939K, capacity 161530K, committed 161744K, reserved 657408K
  class space    used 19210K, capacity 21291K, committed 21376K, reserved 516096K
}
Event: 216.694 GC heap before
{Heap before GC invocations=146 (full 0):
 garbage-first heap   total 415744K, used 349558K [0x0000000080000000, 0x0000000100000000)
  region size 1024K, 93 young (95232K), 9 survivors (9216K)
 Metaspace       used 155984K, capacity 161596K, committed 161744K, reserved 657408K
  class space    used 19210K, capacity 21291K, committed 21376K, reserved 516096K
}

